This file contains any messages produced by compilers while
running configure, to aid debugging if configure makes a mistake.

It was created by Gage Driver configure 5.04.36, which was
generated by GNU Autoconf 2.69.  Invocation command line was

  $ ./configure 

## --------- ##
## Platform. ##
## --------- ##

hostname = kbirchard-desktop
uname -m = aarch64
uname -r = 4.9.201-tegra
uname -s = Linux
uname -v = #1 SMP PREEMPT Wed May 5 09:32:25 PDT 2021

/usr/bin/uname -p = unknown
/bin/uname -X     = unknown

/bin/arch              = unknown
/usr/bin/arch -k       = unknown
/usr/convex/getsysinfo = unknown
/usr/bin/hostinfo      = unknown
/bin/machine           = unknown
/usr/bin/oslevel       = unknown
/bin/universe          = unknown

PATH: /usr/local/sbin
PATH: /usr/local/bin
PATH: /usr/sbin
PATH: /usr/bin
PATH: /sbin
PATH: /bin
PATH: /usr/games
PATH: /usr/local/games
PATH: /snap/bin


## ----------- ##
## Core tests. ##
## ----------- ##

configure:2314: checking for a BSD-compatible install
configure:2382: result: /usr/bin/install -c
configure:2393: checking whether build environment is sane
configure:2448: result: yes
configure:2599: checking for a thread-safe mkdir -p
configure:2638: result: /bin/mkdir -p
configure:2645: checking for gawk
configure:2675: result: no
configure:2645: checking for mawk
configure:2661: found /usr/bin/mawk
configure:2672: result: mawk
configure:2683: checking whether make sets $(MAKE)
configure:2705: result: yes
configure:2734: checking whether make supports nested variables
configure:2751: result: yes
configure:2888: checking whether make supports nested variables
configure:2905: result: yes
configure:2928: checking for style of include used by make
configure:2956: result: GNU
configure:3027: checking for gcc
configure:3043: found /usr/bin/gcc
configure:3054: result: gcc
configure:3283: checking for C compiler version
configure:3292: gcc --version >&5
gcc (Ubuntu/Linaro 7.5.0-3ubuntu1~18.04) 7.5.0
Copyright (C) 2017 Free Software Foundation, Inc.
This is free software; see the source for copying conditions.  There is NO
warranty; not even for MERCHANTABILITY or FITNESS FOR A PARTICULAR PURPOSE.

configure:3303: $? = 0
configure:3292: gcc -v >&5
Using built-in specs.
COLLECT_GCC=gcc
COLLECT_LTO_WRAPPER=/usr/lib/gcc/aarch64-linux-gnu/7/lto-wrapper
Target: aarch64-linux-gnu
Configured with: ../src/configure -v --with-pkgversion='Ubuntu/Linaro 7.5.0-3ubuntu1~18.04' --with-bugurl=file:///usr/share/doc/gcc-7/README.Bugs --enable-languages=c,ada,c++,go,d,fortran,objc,obj-c++ --prefix=/usr --with-gcc-major-version-only --program-suffix=-7 --program-prefix=aarch64-linux-gnu- --enable-shared --enable-linker-build-id --libexecdir=/usr/lib --without-included-gettext --enable-threads=posix --libdir=/usr/lib --enable-nls --enable-bootstrap --enable-clocale=gnu --enable-libstdcxx-debug --enable-libstdcxx-time=yes --with-default-libstdcxx-abi=new --enable-gnu-unique-object --disable-libquadmath --disable-libquadmath-support --enable-plugin --enable-default-pie --with-system-zlib --enable-multiarch --enable-fix-cortex-a53-843419 --disable-werror --enable-checking=release --build=aarch64-linux-gnu --host=aarch64-linux-gnu --target=aarch64-linux-gnu
Thread model: posix
gcc version 7.5.0 (Ubuntu/Linaro 7.5.0-3ubuntu1~18.04) 
configure:3303: $? = 0
configure:3292: gcc -V >&5
gcc: error: unrecognized command line option '-V'
gcc: fatal error: no input files
compilation terminated.
configure:3303: $? = 1
configure:3292: gcc -qversion >&5
gcc: error: unrecognized command line option '-qversion'; did you mean '--version'?
gcc: fatal error: no input files
compilation terminated.
configure:3303: $? = 1
configure:3323: checking whether the C compiler works
configure:3345: gcc    conftest.c  >&5
configure:3349: $? = 0
configure:3397: result: yes
configure:3400: checking for C compiler default output file name
configure:3402: result: a.out
configure:3408: checking for suffix of executables
configure:3415: gcc -o conftest    conftest.c  >&5
configure:3419: $? = 0
configure:3441: result: 
configure:3463: checking whether we are cross compiling
configure:3471: gcc -o conftest    conftest.c  >&5
configure:3475: $? = 0
configure:3482: ./conftest
configure:3486: $? = 0
configure:3501: result: no
configure:3506: checking for suffix of object files
configure:3528: gcc -c   conftest.c >&5
configure:3532: $? = 0
configure:3553: result: o
configure:3557: checking whether we are using the GNU C compiler
configure:3576: gcc -c   conftest.c >&5
configure:3576: $? = 0
configure:3585: result: yes
configure:3594: checking whether gcc accepts -g
configure:3614: gcc -c -g  conftest.c >&5
configure:3614: $? = 0
configure:3655: result: yes
configure:3672: checking for gcc option to accept ISO C89
configure:3735: gcc  -c -g -O2  conftest.c >&5
configure:3735: $? = 0
configure:3748: result: none needed
configure:3773: checking whether gcc understands -c and -o together
configure:3795: gcc -c conftest.c -o conftest2.o
configure:3798: $? = 0
configure:3795: gcc -c conftest.c -o conftest2.o
configure:3798: $? = 0
configure:3810: result: yes
configure:3829: checking dependency style of gcc
configure:3940: result: gcc3
configure:4005: checking for ar
configure:4021: found /usr/bin/ar
configure:4032: result: ar
configure:4058: checking the archiver (ar) interface
configure:4074: gcc -c -g -O2  conftest.c >&5
configure:4074: $? = 0
configure:4076: ar cru libconftest.a conftest.o >&5
ar: `u' modifier ignored since `D' is the default (see `U')
configure:4079: $? = 0
configure:4107: result: ar
configure:4156: checking build system type
configure:4170: result: aarch64-unknown-linux-gnu
configure:4190: checking host system type
configure:4203: result: aarch64-unknown-linux-gnu
configure:4244: checking how to print strings
configure:4271: result: printf
configure:4292: checking for a sed that does not truncate output
configure:4356: result: /bin/sed
configure:4374: checking for grep that handles long lines and -e
configure:4432: result: /bin/grep
configure:4437: checking for egrep
configure:4499: result: /bin/grep -E
configure:4504: checking for fgrep
configure:4566: result: /bin/grep -F
configure:4601: checking for ld used by gcc
configure:4668: result: /usr/bin/ld
configure:4675: checking if the linker (/usr/bin/ld) is GNU ld
configure:4690: result: yes
configure:4702: checking for BSD- or MS-compatible name lister (nm)
configure:4756: result: /usr/bin/nm -B
configure:4886: checking the name lister (/usr/bin/nm -B) interface
configure:4893: gcc -c -g -O2  conftest.c >&5
configure:4896: /usr/bin/nm -B "conftest.o"
configure:4899: output
0000000000000000 B some_variable
configure:4906: result: BSD nm
configure:4909: checking whether ln -s works
configure:4913: result: yes
configure:4921: checking the maximum length of command line arguments
configure:5052: result: 1572864
configure:5100: checking how to convert aarch64-unknown-linux-gnu file names to aarch64-unknown-linux-gnu format
configure:5140: result: func_convert_file_noop
configure:5147: checking how to convert aarch64-unknown-linux-gnu file names to toolchain format
configure:5167: result: func_convert_file_noop
configure:5174: checking for /usr/bin/ld option to reload object files
configure:5181: result: -r
configure:5255: checking for objdump
configure:5271: found /usr/bin/objdump
configure:5282: result: objdump
configure:5314: checking how to recognize dependent libraries
configure:5514: result: pass_all
configure:5599: checking for dlltool
configure:5629: result: no
configure:5659: checking how to associate runtime and link libraries
configure:5686: result: printf %s\n
configure:5810: checking for archiver @FILE support
configure:5827: gcc -c -g -O2  conftest.c >&5
configure:5827: $? = 0
configure:5830: ar cru libconftest.a @conftest.lst >&5
ar: `u' modifier ignored since `D' is the default (see `U')
configure:5833: $? = 0
configure:5838: ar cru libconftest.a @conftest.lst >&5
ar: `u' modifier ignored since `D' is the default (see `U')
ar: conftest.o: No such file or directory
configure:5841: $? = 1
configure:5853: result: @
configure:5911: checking for strip
configure:5927: found /usr/bin/strip
configure:5938: result: strip
configure:6010: checking for ranlib
configure:6026: found /usr/bin/ranlib
configure:6037: result: ranlib
configure:6139: checking command to parse /usr/bin/nm -B output from gcc object
configure:6292: gcc -c -g -O2  conftest.c >&5
configure:6295: $? = 0
configure:6299: /usr/bin/nm -B conftest.o \| sed -n -e 's/^.*[ ]\([ABCDGIRSTW][ABCDGIRSTW]*\)[ ][ ]*\([_A-Za-z][_A-Za-z0-9]*\)$/\1 \2 \2/p' | sed '/ __gnu_lto/d' \> conftest.nm
configure:6302: $? = 0
configure:6368: gcc -o conftest -g -O2   conftest.c conftstm.o >&5
configure:6371: $? = 0
configure:6409: result: ok
configure:6456: checking for sysroot
configure:6486: result: no
configure:6493: checking for a working dd
configure:6531: result: /bin/dd
configure:6535: checking how to truncate binary pipes
configure:6550: result: /bin/dd bs=4096 count=1
configure:6879: checking for mt
configure:6895: found /bin/mt
configure:6906: result: mt
configure:6929: checking if mt is a manifest tool
configure:6935: mt '-?'
configure:6943: result: no
configure:7620: checking how to run the C preprocessor
configure:7651: gcc -E  conftest.c
configure:7651: $? = 0
configure:7665: gcc -E  conftest.c
conftest.c:11:10: fatal error: ac_nonexistent.h: No such file or directory
 #include <ac_nonexistent.h>
          ^~~~~~~~~~~~~~~~~~
compilation terminated.
configure:7665: $? = 1
configure: failed program was:
| /* confdefs.h */
| #define PACKAGE_NAME "Gage Driver"
| #define PACKAGE_TARNAME "gage-driver"
| #define PACKAGE_VERSION "5.04.36"
| #define PACKAGE_STRING "Gage Driver 5.04.36"
| #define PACKAGE_BUGREPORT "linux@gage-applied.com"
| #define PACKAGE_URL ""
| #define PACKAGE "gage-driver"
| #define VERSION "5.04.36"
| /* end confdefs.h.  */
| #include <ac_nonexistent.h>
configure:7690: result: gcc -E
configure:7710: gcc -E  conftest.c
configure:7710: $? = 0
configure:7724: gcc -E  conftest.c
conftest.c:11:10: fatal error: ac_nonexistent.h: No such file or directory
 #include <ac_nonexistent.h>
          ^~~~~~~~~~~~~~~~~~
compilation terminated.
configure:7724: $? = 1
configure: failed program was:
| /* confdefs.h */
| #define PACKAGE_NAME "Gage Driver"
| #define PACKAGE_TARNAME "gage-driver"
| #define PACKAGE_VERSION "5.04.36"
| #define PACKAGE_STRING "Gage Driver 5.04.36"
| #define PACKAGE_BUGREPORT "linux@gage-applied.com"
| #define PACKAGE_URL ""
| #define PACKAGE "gage-driver"
| #define VERSION "5.04.36"
| /* end confdefs.h.  */
| #include <ac_nonexistent.h>
configure:7753: checking for ANSI C header files
configure:7773: gcc -c -g -O2  conftest.c >&5
configure:7773: $? = 0
configure:7846: gcc -o conftest -g -O2   conftest.c  >&5
configure:7846: $? = 0
configure:7846: ./conftest
configure:7846: $? = 0
configure:7857: result: yes
configure:7870: checking for sys/types.h
configure:7870: gcc -c -g -O2  conftest.c >&5
configure:7870: $? = 0
configure:7870: result: yes
configure:7870: checking for sys/stat.h
configure:7870: gcc -c -g -O2  conftest.c >&5
configure:7870: $? = 0
configure:7870: result: yes
configure:7870: checking for stdlib.h
configure:7870: gcc -c -g -O2  conftest.c >&5
configure:7870: $? = 0
configure:7870: result: yes
configure:7870: checking for string.h
configure:7870: gcc -c -g -O2  conftest.c >&5
configure:7870: $? = 0
configure:7870: result: yes
configure:7870: checking for memory.h
configure:7870: gcc -c -g -O2  conftest.c >&5
configure:7870: $? = 0
configure:7870: result: yes
configure:7870: checking for strings.h
configure:7870: gcc -c -g -O2  conftest.c >&5
configure:7870: $? = 0
configure:7870: result: yes
configure:7870: checking for inttypes.h
configure:7870: gcc -c -g -O2  conftest.c >&5
configure:7870: $? = 0
configure:7870: result: yes
configure:7870: checking for stdint.h
configure:7870: gcc -c -g -O2  conftest.c >&5
configure:7870: $? = 0
configure:7870: result: yes
configure:7870: checking for unistd.h
configure:7870: gcc -c -g -O2  conftest.c >&5
configure:7870: $? = 0
configure:7870: result: yes
configure:7884: checking for dlfcn.h
configure:7884: gcc -c -g -O2  conftest.c >&5
configure:7884: $? = 0
configure:7884: result: yes
configure:8138: checking for objdir
configure:8153: result: .libs
configure:8413: checking if gcc supports -fno-rtti -fno-exceptions
configure:8431: gcc -c -g -O2  -fno-rtti -fno-exceptions conftest.c >&5
cc1: warning: command line option '-fno-rtti' is valid for C++/ObjC++ but not for C
configure:8435: $? = 0
configure:8448: result: no
configure:8806: checking for gcc option to produce PIC
configure:8813: result: -fPIC -DPIC
configure:8821: checking if gcc PIC flag -fPIC -DPIC works
configure:8839: gcc -c -g -O2  -fPIC -DPIC -DPIC conftest.c >&5
configure:8843: $? = 0
configure:8856: result: yes
configure:8885: checking if gcc static flag -static works
configure:8913: result: yes
configure:8928: checking if gcc supports -c -o file.o
configure:8949: gcc -c -g -O2  -o out/conftest2.o conftest.c >&5
configure:8953: $? = 0
configure:8975: result: yes
configure:8983: checking if gcc supports -c -o file.o
configure:9030: result: yes
configure:9063: checking whether the gcc linker (/usr/bin/ld) supports shared libraries
configure:10326: result: yes
configure:10363: checking whether -lc should be explicitly linked in
configure:10371: gcc -c -g -O2  conftest.c >&5
configure:10374: $? = 0
configure:10389: gcc -shared  -fPIC -DPIC conftest.o  -v -Wl,-soname -Wl,conftest -o conftest 2\>\&1 \| /bin/grep  -lc  \>/dev/null 2\>\&1
configure:10392: $? = 0
configure:10406: result: no
configure:10566: checking dynamic linker characteristics
configure:11147: gcc -o conftest -g -O2   -Wl,-rpath -Wl,/foo conftest.c  >&5
configure:11147: $? = 0
configure:11396: result: GNU/Linux ld.so
configure:11518: checking how to hardcode library paths into programs
configure:11543: result: immediate
configure:11645: checking for shl_load
configure:11645: gcc -o conftest -g -O2   conftest.c  >&5
/tmp/ccSS8ye3.o: In function `main':
/home/remote01/Desktop/Patrick/CompuScopeDriver/CompuScope_Linux_v5.04.36/gati-linux-driver/conftest.c:57: undefined reference to `shl_load'
collect2: error: ld returned 1 exit status
configure:11645: $? = 1
configure: failed program was:
| /* confdefs.h */
| #define PACKAGE_NAME "Gage Driver"
| #define PACKAGE_TARNAME "gage-driver"
| #define PACKAGE_VERSION "5.04.36"
| #define PACKAGE_STRING "Gage Driver 5.04.36"
| #define PACKAGE_BUGREPORT "linux@gage-applied.com"
| #define PACKAGE_URL ""
| #define PACKAGE "gage-driver"
| #define VERSION "5.04.36"
| #define STDC_HEADERS 1
| #define HAVE_SYS_TYPES_H 1
| #define HAVE_SYS_STAT_H 1
| #define HAVE_STDLIB_H 1
| #define HAVE_STRING_H 1
| #define HAVE_MEMORY_H 1
| #define HAVE_STRINGS_H 1
| #define HAVE_INTTYPES_H 1
| #define HAVE_STDINT_H 1
| #define HAVE_UNISTD_H 1
| #define HAVE_DLFCN_H 1
| #define LT_OBJDIR ".libs/"
| /* end confdefs.h.  */
| /* Define shl_load to an innocuous variant, in case <limits.h> declares shl_load.
|    For example, HP-UX 11i <limits.h> declares gettimeofday.  */
| #define shl_load innocuous_shl_load
| 
| /* System header to define __stub macros and hopefully few prototypes,
|     which can conflict with char shl_load (); below.
|     Prefer <limits.h> to <assert.h> if __STDC__ is defined, since
|     <limits.h> exists even on freestanding compilers.  */
| 
| #ifdef __STDC__
| # include <limits.h>
| #else
| # include <assert.h>
| #endif
| 
| #undef shl_load
| 
| /* Override any GCC internal prototype to avoid an error.
|    Use char because int might match the return type of a GCC
|    builtin and then its argument prototype would still apply.  */
| #ifdef __cplusplus
| extern "C"
| #endif
| char shl_load ();
| /* The GNU C library defines this for functions which it implements
|     to always fail with ENOSYS.  Some functions are actually named
|     something starting with __ and the normal name is an alias.  */
| #if defined __stub_shl_load || defined __stub___shl_load
| choke me
| #endif
| 
| int
| main ()
| {
| return shl_load ();
|   ;
|   return 0;
| }
configure:11645: result: no
configure:11649: checking for shl_load in -ldld
configure:11674: gcc -o conftest -g -O2   conftest.c -ldld   >&5
/usr/bin/ld: cannot find -ldld
collect2: error: ld returned 1 exit status
configure:11674: $? = 1
configure: failed program was:
| /* confdefs.h */
| #define PACKAGE_NAME "Gage Driver"
| #define PACKAGE_TARNAME "gage-driver"
| #define PACKAGE_VERSION "5.04.36"
| #define PACKAGE_STRING "Gage Driver 5.04.36"
| #define PACKAGE_BUGREPORT "linux@gage-applied.com"
| #define PACKAGE_URL ""
| #define PACKAGE "gage-driver"
| #define VERSION "5.04.36"
| #define STDC_HEADERS 1
| #define HAVE_SYS_TYPES_H 1
| #define HAVE_SYS_STAT_H 1
| #define HAVE_STDLIB_H 1
| #define HAVE_STRING_H 1
| #define HAVE_MEMORY_H 1
| #define HAVE_STRINGS_H 1
| #define HAVE_INTTYPES_H 1
| #define HAVE_STDINT_H 1
| #define HAVE_UNISTD_H 1
| #define HAVE_DLFCN_H 1
| #define LT_OBJDIR ".libs/"
| /* end confdefs.h.  */
| 
| /* Override any GCC internal prototype to avoid an error.
|    Use char because int might match the return type of a GCC
|    builtin and then its argument prototype would still apply.  */
| #ifdef __cplusplus
| extern "C"
| #endif
| char shl_load ();
| int
| main ()
| {
| return shl_load ();
|   ;
|   return 0;
| }
configure:11683: result: no
configure:11688: checking for dlopen
configure:11688: gcc -o conftest -g -O2   conftest.c  >&5
/tmp/cc0S88wB.o: In function `main':
/home/remote01/Desktop/Patrick/CompuScopeDriver/CompuScope_Linux_v5.04.36/gati-linux-driver/conftest.c:57: undefined reference to `dlopen'
collect2: error: ld returned 1 exit status
configure:11688: $? = 1
configure: failed program was:
| /* confdefs.h */
| #define PACKAGE_NAME "Gage Driver"
| #define PACKAGE_TARNAME "gage-driver"
| #define PACKAGE_VERSION "5.04.36"
| #define PACKAGE_STRING "Gage Driver 5.04.36"
| #define PACKAGE_BUGREPORT "linux@gage-applied.com"
| #define PACKAGE_URL ""
| #define PACKAGE "gage-driver"
| #define VERSION "5.04.36"
| #define STDC_HEADERS 1
| #define HAVE_SYS_TYPES_H 1
| #define HAVE_SYS_STAT_H 1
| #define HAVE_STDLIB_H 1
| #define HAVE_STRING_H 1
| #define HAVE_MEMORY_H 1
| #define HAVE_STRINGS_H 1
| #define HAVE_INTTYPES_H 1
| #define HAVE_STDINT_H 1
| #define HAVE_UNISTD_H 1
| #define HAVE_DLFCN_H 1
| #define LT_OBJDIR ".libs/"
| /* end confdefs.h.  */
| /* Define dlopen to an innocuous variant, in case <limits.h> declares dlopen.
|    For example, HP-UX 11i <limits.h> declares gettimeofday.  */
| #define dlopen innocuous_dlopen
| 
| /* System header to define __stub macros and hopefully few prototypes,
|     which can conflict with char dlopen (); below.
|     Prefer <limits.h> to <assert.h> if __STDC__ is defined, since
|     <limits.h> exists even on freestanding compilers.  */
| 
| #ifdef __STDC__
| # include <limits.h>
| #else
| # include <assert.h>
| #endif
| 
| #undef dlopen
| 
| /* Override any GCC internal prototype to avoid an error.
|    Use char because int might match the return type of a GCC
|    builtin and then its argument prototype would still apply.  */
| #ifdef __cplusplus
| extern "C"
| #endif
| char dlopen ();
| /* The GNU C library defines this for functions which it implements
|     to always fail with ENOSYS.  Some functions are actually named
|     something starting with __ and the normal name is an alias.  */
| #if defined __stub_dlopen || defined __stub___dlopen
| choke me
| #endif
| 
| int
| main ()
| {
| return dlopen ();
|   ;
|   return 0;
| }
configure:11688: result: no
configure:11692: checking for dlopen in -ldl
configure:11717: gcc -o conftest -g -O2   conftest.c -ldl   >&5
configure:11717: $? = 0
configure:11726: result: yes
configure:11845: checking whether a program can dlopen itself
configure:11925: gcc -o conftest -g -O2  -DHAVE_DLFCN_H  -Wl,--export-dynamic conftest.c -ldl  >&5
configure:11928: $? = 0
configure:11946: result: yes
configure:11951: checking whether a statically linked program can dlopen itself
configure:12031: gcc -o conftest -g -O2  -DHAVE_DLFCN_H  -Wl,--export-dynamic -static conftest.c -ldl  >&5
/tmp/cc6gSEMl.o: In function `main':
/home/remote01/Desktop/Patrick/CompuScopeDriver/CompuScope_Linux_v5.04.36/gati-linux-driver/configure:12010: warning: Using 'dlopen' in statically linked applications requires at runtime the shared libraries from the glibc version used for linking
configure:12034: $? = 0
conftest: undefined symbol: _fnord
configure:12052: result: no
configure:12091: checking whether stripping libraries is possible
configure:12096: result: yes
configure:12131: checking if libtool supports shared libraries
configure:12133: result: yes
configure:12136: checking whether to build shared libraries
configure:12161: result: yes
configure:12164: checking whether to build static libraries
configure:12168: result: no
configure:12266: checking for g++
configure:12282: found /usr/bin/g++
configure:12293: result: g++
configure:12320: checking for C++ compiler version
configure:12329: g++ --version >&5
g++ (Ubuntu/Linaro 7.5.0-3ubuntu1~18.04) 7.5.0
Copyright (C) 2017 Free Software Foundation, Inc.
This is free software; see the source for copying conditions.  There is NO
warranty; not even for MERCHANTABILITY or FITNESS FOR A PARTICULAR PURPOSE.

configure:12340: $? = 0
configure:12329: g++ -v >&5
Using built-in specs.
COLLECT_GCC=g++
COLLECT_LTO_WRAPPER=/usr/lib/gcc/aarch64-linux-gnu/7/lto-wrapper
Target: aarch64-linux-gnu
Configured with: ../src/configure -v --with-pkgversion='Ubuntu/Linaro 7.5.0-3ubuntu1~18.04' --with-bugurl=file:///usr/share/doc/gcc-7/README.Bugs --enable-languages=c,ada,c++,go,d,fortran,objc,obj-c++ --prefix=/usr --with-gcc-major-version-only --program-suffix=-7 --program-prefix=aarch64-linux-gnu- --enable-shared --enable-linker-build-id --libexecdir=/usr/lib --without-included-gettext --enable-threads=posix --libdir=/usr/lib --enable-nls --enable-bootstrap --enable-clocale=gnu --enable-libstdcxx-debug --enable-libstdcxx-time=yes --with-default-libstdcxx-abi=new --enable-gnu-unique-object --disable-libquadmath --disable-libquadmath-support --enable-plugin --enable-default-pie --with-system-zlib --enable-multiarch --enable-fix-cortex-a53-843419 --disable-werror --enable-checking=release --build=aarch64-linux-gnu --host=aarch64-linux-gnu --target=aarch64-linux-gnu
Thread model: posix
gcc version 7.5.0 (Ubuntu/Linaro 7.5.0-3ubuntu1~18.04) 
configure:12340: $? = 0
configure:12329: g++ -V >&5
g++: error: unrecognized command line option '-V'
g++: fatal error: no input files
compilation terminated.
configure:12340: $? = 1
configure:12329: g++ -qversion >&5
g++: error: unrecognized command line option '-qversion'; did you mean '--version'?
g++: fatal error: no input files
compilation terminated.
configure:12340: $? = 1
configure:12344: checking whether we are using the GNU C++ compiler
configure:12363: g++ -c   conftest.cpp >&5
configure:12363: $? = 0
configure:12372: result: yes
configure:12381: checking whether g++ accepts -g
configure:12401: g++ -c -g  conftest.cpp >&5
configure:12401: $? = 0
configure:12442: result: yes
configure:12467: checking dependency style of g++
configure:12578: result: gcc3
configure:12611: checking how to run the C++ preprocessor
configure:12638: g++ -E  conftest.cpp
configure:12638: $? = 0
configure:12652: g++ -E  conftest.cpp
conftest.cpp:23:10: fatal error: ac_nonexistent.h: No such file or directory
 #include <ac_nonexistent.h>
          ^~~~~~~~~~~~~~~~~~
compilation terminated.
configure:12652: $? = 1
configure: failed program was:
| /* confdefs.h */
| #define PACKAGE_NAME "Gage Driver"
| #define PACKAGE_TARNAME "gage-driver"
| #define PACKAGE_VERSION "5.04.36"
| #define PACKAGE_STRING "Gage Driver 5.04.36"
| #define PACKAGE_BUGREPORT "linux@gage-applied.com"
| #define PACKAGE_URL ""
| #define PACKAGE "gage-driver"
| #define VERSION "5.04.36"
| #define STDC_HEADERS 1
| #define HAVE_SYS_TYPES_H 1
| #define HAVE_SYS_STAT_H 1
| #define HAVE_STDLIB_H 1
| #define HAVE_STRING_H 1
| #define HAVE_MEMORY_H 1
| #define HAVE_STRINGS_H 1
| #define HAVE_INTTYPES_H 1
| #define HAVE_STDINT_H 1
| #define HAVE_UNISTD_H 1
| #define HAVE_DLFCN_H 1
| #define LT_OBJDIR ".libs/"
| /* end confdefs.h.  */
| #include <ac_nonexistent.h>
configure:12677: result: g++ -E
configure:12697: g++ -E  conftest.cpp
configure:12697: $? = 0
configure:12711: g++ -E  conftest.cpp
conftest.cpp:23:10: fatal error: ac_nonexistent.h: No such file or directory
 #include <ac_nonexistent.h>
          ^~~~~~~~~~~~~~~~~~
compilation terminated.
configure:12711: $? = 1
configure: failed program was:
| /* confdefs.h */
| #define PACKAGE_NAME "Gage Driver"
| #define PACKAGE_TARNAME "gage-driver"
| #define PACKAGE_VERSION "5.04.36"
| #define PACKAGE_STRING "Gage Driver 5.04.36"
| #define PACKAGE_BUGREPORT "linux@gage-applied.com"
| #define PACKAGE_URL ""
| #define PACKAGE "gage-driver"
| #define VERSION "5.04.36"
| #define STDC_HEADERS 1
| #define HAVE_SYS_TYPES_H 1
| #define HAVE_SYS_STAT_H 1
| #define HAVE_STDLIB_H 1
| #define HAVE_STRING_H 1
| #define HAVE_MEMORY_H 1
| #define HAVE_STRINGS_H 1
| #define HAVE_INTTYPES_H 1
| #define HAVE_STDINT_H 1
| #define HAVE_UNISTD_H 1
| #define HAVE_DLFCN_H 1
| #define LT_OBJDIR ".libs/"
| /* end confdefs.h.  */
| #include <ac_nonexistent.h>
configure:12873: checking for ld used by g++
configure:12940: result: /usr/bin/ld
configure:12947: checking if the linker (/usr/bin/ld) is GNU ld
configure:12962: result: yes
configure:13017: checking whether the g++ linker (/usr/bin/ld) supports shared libraries
configure:14090: result: yes
configure:14126: g++ -c -g -O2  conftest.cpp >&5
configure:14129: $? = 0
configure:14610: checking for g++ option to produce PIC
configure:14617: result: -fPIC -DPIC
configure:14625: checking if g++ PIC flag -fPIC -DPIC works
configure:14643: g++ -c -g -O2  -fPIC -DPIC -DPIC conftest.cpp >&5
configure:14647: $? = 0
configure:14660: result: yes
configure:14683: checking if g++ static flag -static works
configure:14711: result: yes
configure:14723: checking if g++ supports -c -o file.o
configure:14744: g++ -c -g -O2  -o out/conftest2.o conftest.cpp >&5
configure:14748: $? = 0
configure:14770: result: yes
configure:14775: checking if g++ supports -c -o file.o
configure:14822: result: yes
configure:14852: checking whether the g++ linker (/usr/bin/ld) supports shared libraries
configure:14895: result: yes
configure:15036: checking dynamic linker characteristics
configure:15793: result: GNU/Linux ld.so
configure:15858: checking how to hardcode library paths into programs
configure:15883: result: immediate
configure:15971: checking for gcc
configure:15998: result: gcc
configure:16227: checking for C compiler version
configure:16236: gcc --version >&5
gcc (Ubuntu/Linaro 7.5.0-3ubuntu1~18.04) 7.5.0
Copyright (C) 2017 Free Software Foundation, Inc.
This is free software; see the source for copying conditions.  There is NO
warranty; not even for MERCHANTABILITY or FITNESS FOR A PARTICULAR PURPOSE.

configure:16247: $? = 0
configure:16236: gcc -v >&5
Using built-in specs.
COLLECT_GCC=gcc
COLLECT_LTO_WRAPPER=/usr/lib/gcc/aarch64-linux-gnu/7/lto-wrapper
Target: aarch64-linux-gnu
Configured with: ../src/configure -v --with-pkgversion='Ubuntu/Linaro 7.5.0-3ubuntu1~18.04' --with-bugurl=file:///usr/share/doc/gcc-7/README.Bugs --enable-languages=c,ada,c++,go,d,fortran,objc,obj-c++ --prefix=/usr --with-gcc-major-version-only --program-suffix=-7 --program-prefix=aarch64-linux-gnu- --enable-shared --enable-linker-build-id --libexecdir=/usr/lib --without-included-gettext --enable-threads=posix --libdir=/usr/lib --enable-nls --enable-bootstrap --enable-clocale=gnu --enable-libstdcxx-debug --enable-libstdcxx-time=yes --with-default-libstdcxx-abi=new --enable-gnu-unique-object --disable-libquadmath --disable-libquadmath-support --enable-plugin --enable-default-pie --with-system-zlib --enable-multiarch --enable-fix-cortex-a53-843419 --disable-werror --enable-checking=release --build=aarch64-linux-gnu --host=aarch64-linux-gnu --target=aarch64-linux-gnu
Thread model: posix
gcc version 7.5.0 (Ubuntu/Linaro 7.5.0-3ubuntu1~18.04) 
configure:16247: $? = 0
configure:16236: gcc -V >&5
gcc: error: unrecognized command line option '-V'
gcc: fatal error: no input files
compilation terminated.
configure:16247: $? = 1
configure:16236: gcc -qversion >&5
gcc: error: unrecognized command line option '-qversion'; did you mean '--version'?
gcc: fatal error: no input files
compilation terminated.
configure:16247: $? = 1
configure:16251: checking whether we are using the GNU C compiler
configure:16279: result: yes
configure:16288: checking whether gcc accepts -g
configure:16349: result: yes
configure:16366: checking for gcc option to accept ISO C89
configure:16442: result: none needed
configure:16467: checking whether gcc understands -c and -o together
configure:16504: result: yes
configure:16523: checking dependency style of gcc
configure:16634: result: gcc3
configure:16781: checking that generated files are newer than configure
configure:16787: result: done
configure:16818: creating ./config.status

## ---------------------- ##
## Running config.status. ##
## ---------------------- ##

This file was extended by Gage Driver config.status 5.04.36, which was
generated by GNU Autoconf 2.69.  Invocation command line was

  CONFIG_FILES    = 
  CONFIG_HEADERS  = 
  CONFIG_LINKS    = 
  CONFIG_COMMANDS = 
  $ ./config.status 

on kbirchard-desktop

config.status:1160: creating Makefile
config.status:1160: creating Middle/CsDisp/Makefile
config.status:1160: creating Middle/CsFs/Makefile
config.status:1160: creating Middle/CsRmDLL/Makefile
config.status:1160: creating Middle/CsRm/Makefile
config.status:1160: creating Middle/CsSsm/Makefile
config.status:1160: creating Sdk/CsAppSupport/Makefile
config.status:1160: creating Boards/UserSpace/CsRabbit/Makefile
config.status:1160: creating Boards/UserSpace/CsSpider/Makefile
config.status:1160: creating Boards/UserSpace/CsSplenda/Makefile
config.status:1160: creating Boards/UserSpace/CsDecade12/Makefile
config.status:1160: creating Boards/UserSpace/CsHexagon/Makefile
config.status:1160: creating Boards/UserSpace/CsJohnDeere/Makefile
config.status:1160: creating config.h
config.status:1389: executing depfiles commands
config.status:1389: executing libtool commands

## ---------------- ##
## Cache variables. ##
## ---------------- ##

ac_cv_build=aarch64-unknown-linux-gnu
ac_cv_c_compiler_gnu=yes
ac_cv_cxx_compiler_gnu=yes
ac_cv_env_CCC_set=
ac_cv_env_CCC_value=
ac_cv_env_CC_set=
ac_cv_env_CC_value=
ac_cv_env_CFLAGS_set=
ac_cv_env_CFLAGS_value=
ac_cv_env_CPPFLAGS_set=
ac_cv_env_CPPFLAGS_value=
ac_cv_env_CPP_set=
ac_cv_env_CPP_value=
ac_cv_env_CXXCPP_set=
ac_cv_env_CXXCPP_value=
ac_cv_env_CXXFLAGS_set=
ac_cv_env_CXXFLAGS_value=
ac_cv_env_CXX_set=
ac_cv_env_CXX_value=
ac_cv_env_LDFLAGS_set=
ac_cv_env_LDFLAGS_value=
ac_cv_env_LIBS_set=
ac_cv_env_LIBS_value=
ac_cv_env_LT_SYS_LIBRARY_PATH_set=
ac_cv_env_LT_SYS_LIBRARY_PATH_value=
ac_cv_env_build_alias_set=
ac_cv_env_build_alias_value=
ac_cv_env_host_alias_set=
ac_cv_env_host_alias_value=
ac_cv_env_target_alias_set=
ac_cv_env_target_alias_value=
ac_cv_func_dlopen=no
ac_cv_func_shl_load=no
ac_cv_header_dlfcn_h=yes
ac_cv_header_inttypes_h=yes
ac_cv_header_memory_h=yes
ac_cv_header_stdc=yes
ac_cv_header_stdint_h=yes
ac_cv_header_stdlib_h=yes
ac_cv_header_string_h=yes
ac_cv_header_strings_h=yes
ac_cv_header_sys_stat_h=yes
ac_cv_header_sys_types_h=yes
ac_cv_header_unistd_h=yes
ac_cv_host=aarch64-unknown-linux-gnu
ac_cv_lib_dl_dlopen=yes
ac_cv_lib_dld_shl_load=no
ac_cv_objext=o
ac_cv_path_EGREP='/bin/grep -E'
ac_cv_path_FGREP='/bin/grep -F'
ac_cv_path_GREP=/bin/grep
ac_cv_path_SED=/bin/sed
ac_cv_path_install='/usr/bin/install -c'
ac_cv_path_lt_DD=/bin/dd
ac_cv_path_mkdir=/bin/mkdir
ac_cv_prog_AWK=mawk
ac_cv_prog_CPP='gcc -E'
ac_cv_prog_CXXCPP='g++ -E'
ac_cv_prog_ac_ct_AR=ar
ac_cv_prog_ac_ct_CC=gcc
ac_cv_prog_ac_ct_CXX=g++
ac_cv_prog_ac_ct_MANIFEST_TOOL=mt
ac_cv_prog_ac_ct_OBJDUMP=objdump
ac_cv_prog_ac_ct_RANLIB=ranlib
ac_cv_prog_ac_ct_STRIP=strip
ac_cv_prog_cc_c89=
ac_cv_prog_cc_g=yes
ac_cv_prog_cxx_g=yes
ac_cv_prog_make_make_set=yes
am_cv_CC_dependencies_compiler_type=gcc3
am_cv_CXX_dependencies_compiler_type=gcc3
am_cv_ar_interface=ar
am_cv_make_support_nested_variables=yes
am_cv_prog_cc_c_o=yes
lt_cv_ar_at_file=@
lt_cv_archive_cmds_need_lc=no
lt_cv_deplibs_check_method=pass_all
lt_cv_dlopen=dlopen
lt_cv_dlopen_libs=-ldl
lt_cv_dlopen_self=yes
lt_cv_dlopen_self_static=no
lt_cv_file_magic_cmd='$MAGIC_CMD'
lt_cv_file_magic_test_file=
lt_cv_ld_reload_flag=-r
lt_cv_nm_interface='BSD nm'
lt_cv_objdir=.libs
lt_cv_path_LD=/usr/bin/ld
lt_cv_path_LDCXX=/usr/bin/ld
lt_cv_path_NM='/usr/bin/nm -B'
lt_cv_path_mainfest_tool=no
lt_cv_prog_compiler_c_o=yes
lt_cv_prog_compiler_c_o_CXX=yes
lt_cv_prog_compiler_pic='-fPIC -DPIC'
lt_cv_prog_compiler_pic_CXX='-fPIC -DPIC'
lt_cv_prog_compiler_pic_works=yes
lt_cv_prog_compiler_pic_works_CXX=yes
lt_cv_prog_compiler_rtti_exceptions=no
lt_cv_prog_compiler_static_works=yes
lt_cv_prog_compiler_static_works_CXX=yes
lt_cv_prog_gnu_ld=yes
lt_cv_prog_gnu_ldcxx=yes
lt_cv_sharedlib_from_linklib_cmd='printf %s\n'
lt_cv_shlibpath_overrides_runpath=yes
lt_cv_sys_global_symbol_pipe='sed -n -e '\''s/^.*[	 ]\([ABCDGIRSTW][ABCDGIRSTW]*\)[	 ][	 ]*\([_A-Za-z][_A-Za-z0-9]*\)$/\1 \2 \2/p'\'' | sed '\''/ __gnu_lto/d'\'''
lt_cv_sys_global_symbol_to_c_name_address='sed -n -e '\''s/^: \(.*\) .*$/  {"\1", (void *) 0},/p'\'' -e '\''s/^[ABCDGIRSTW][ABCDGIRSTW]* .* \(.*\)$/  {"\1", (void *) \&\1},/p'\'''
lt_cv_sys_global_symbol_to_c_name_address_lib_prefix='sed -n -e '\''s/^: \(.*\) .*$/  {"\1", (void *) 0},/p'\'' -e '\''s/^[ABCDGIRSTW][ABCDGIRSTW]* .* \(lib.*\)$/  {"\1", (void *) \&\1},/p'\'' -e '\''s/^[ABCDGIRSTW][ABCDGIRSTW]* .* \(.*\)$/  {"lib\1", (void *) \&\1},/p'\'''
lt_cv_sys_global_symbol_to_cdecl='sed -n -e '\''s/^T .* \(.*\)$/extern int \1();/p'\'' -e '\''s/^[ABCDGIRSTW][ABCDGIRSTW]* .* \(.*\)$/extern char \1;/p'\'''
lt_cv_sys_global_symbol_to_import=
lt_cv_sys_max_cmd_len=1572864
lt_cv_to_host_file_cmd=func_convert_file_noop
lt_cv_to_tool_file_cmd=func_convert_file_noop
lt_cv_truncate_bin='/bin/dd bs=4096 count=1'

## ----------------- ##
## Output variables. ##
## ----------------- ##

ACLOCAL='${SHELL} /home/remote01/Desktop/Patrick/CompuScopeDriver/CompuScope_Linux_v5.04.36/gati-linux-driver/missing aclocal-1.15'
AMDEPBACKSLASH='\'
AMDEP_FALSE='#'
AMDEP_TRUE=''
AMTAR='$${TAR-tar}'
AM_BACKSLASH='\'
AM_DEFAULT_V='$(AM_DEFAULT_VERBOSITY)'
AM_DEFAULT_VERBOSITY='0'
AM_V='$(V)'
AR='ar'
AUTOCONF='${SHELL} /home/remote01/Desktop/Patrick/CompuScopeDriver/CompuScope_Linux_v5.04.36/gati-linux-driver/missing autoconf'
AUTOHEADER='${SHELL} /home/remote01/Desktop/Patrick/CompuScopeDriver/CompuScope_Linux_v5.04.36/gati-linux-driver/missing autoheader'
AUTOMAKE='${SHELL} /home/remote01/Desktop/Patrick/CompuScopeDriver/CompuScope_Linux_v5.04.36/gati-linux-driver/missing automake-1.15'
AWK='mawk'
CC='gcc'
CCDEPMODE='depmode=gcc3'
CFLAGS='-g -O2'
CPP='gcc -E'
CPPFLAGS=''
CXX='g++'
CXXCPP='g++ -E'
CXXDEPMODE='depmode=gcc3'
CXXFLAGS='-g -O2'
CYGPATH_W='echo'
DEFS='-DHAVE_CONFIG_H'
DEPDIR='.deps'
DLLTOOL='false'
DSYMUTIL=''
DUMPBIN=''
ECHO_C=''
ECHO_N='-n'
ECHO_T=''
EGREP='/bin/grep -E'
EXEEXT=''
FGREP='/bin/grep -F'
GREP='/bin/grep'
INSTALL_DATA='${INSTALL} -m 644'
INSTALL_PROGRAM='${INSTALL}'
INSTALL_SCRIPT='${INSTALL}'
INSTALL_STRIP_PROGRAM='$(install_sh) -c -s'
LD='/usr/bin/ld'
LDFLAGS=''
LIBOBJS=''
LIBS=''
LIBTOOL='$(SHELL) $(top_builddir)/libtool'
LIPO=''
LN_S='ln -s'
LTLIBOBJS=''
LT_SYS_LIBRARY_PATH=''
MAKEINFO='${SHELL} /home/remote01/Desktop/Patrick/CompuScopeDriver/CompuScope_Linux_v5.04.36/gati-linux-driver/missing makeinfo'
MANIFEST_TOOL=':'
MKDIR_P='/bin/mkdir -p'
NM='/usr/bin/nm -B'
NMEDIT=''
OBJDUMP='objdump'
OBJEXT='o'
OTOOL64=''
OTOOL=''
PACKAGE='gage-driver'
PACKAGE_BUGREPORT='linux@gage-applied.com'
PACKAGE_NAME='Gage Driver'
PACKAGE_STRING='Gage Driver 5.04.36'
PACKAGE_TARNAME='gage-driver'
PACKAGE_URL=''
PACKAGE_VERSION='5.04.36'
PATH_SEPARATOR=':'
RANLIB='ranlib'
SED='/bin/sed'
SET_MAKE=''
SHELL='/bin/bash'
STRIP='strip'
VERSION='5.04.36'
ac_ct_AR='ar'
ac_ct_CC='gcc'
ac_ct_CXX='g++'
ac_ct_DUMPBIN=''
all_includes=''
am__EXEEXT_FALSE=''
am__EXEEXT_TRUE='#'
am__fastdepCC_FALSE='#'
am__fastdepCC_TRUE=''
am__fastdepCXX_FALSE='#'
am__fastdepCXX_TRUE=''
am__include='include'
am__isrc=''
am__leading_dot='.'
am__nodep='_no'
am__quote=''
am__tar='$${TAR-tar} chof - "$$tardir"'
am__untar='$${TAR-tar} xf -'
bindir='${exec_prefix}/bin'
build='aarch64-unknown-linux-gnu'
build_alias=''
build_cpu='aarch64'
build_os='linux-gnu'
build_vendor='unknown'
datadir='${datarootdir}'
datarootdir='${prefix}/share'
docdir='${datarootdir}/doc/${PACKAGE_TARNAME}'
dvidir='${docdir}'
exec_prefix='${prefix}'
host='aarch64-unknown-linux-gnu'
host_alias=''
host_cpu='aarch64'
host_os='linux-gnu'
host_vendor='unknown'
htmldir='${docdir}'
includedir='${prefix}/include'
infodir='${datarootdir}/info'
install_sh='${SHELL} /home/remote01/Desktop/Patrick/CompuScopeDriver/CompuScope_Linux_v5.04.36/gati-linux-driver/install-sh'
libdir='${exec_prefix}/lib'
libexecdir='${exec_prefix}/libexec'
localedir='${datarootdir}/locale'
localstatedir='${prefix}/var'
mandir='${datarootdir}/man'
mkdir_p='$(MKDIR_P)'
oldincludedir='/usr/include'
pdfdir='${docdir}'
prefix='/usr/local'
program_transform_name='s,x,x,'
psdir='${docdir}'
runstatedir='${localstatedir}/run'
sbindir='${exec_prefix}/sbin'
sharedstatedir='${prefix}/com'
sysconfdir='${prefix}/etc'
target_alias=''

## ----------- ##
## confdefs.h. ##
## ----------- ##

/* confdefs.h */
#define PACKAGE_NAME "Gage Driver"
#define PACKAGE_TARNAME "gage-driver"
#define PACKAGE_VERSION "5.04.36"
#define PACKAGE_STRING "Gage Driver 5.04.36"
#define PACKAGE_BUGREPORT "linux@gage-applied.com"
#define PACKAGE_URL ""
#define PACKAGE "gage-driver"
#define VERSION "5.04.36"
#define STDC_HEADERS 1
#define HAVE_SYS_TYPES_H 1
#define HAVE_SYS_STAT_H 1
#define HAVE_STDLIB_H 1
#define HAVE_STRING_H 1
#define HAVE_MEMORY_H 1
#define HAVE_STRINGS_H 1
#define HAVE_INTTYPES_H 1
#define HAVE_STDINT_H 1
#define HAVE_UNISTD_H 1
#define HAVE_DLFCN_H 1
#define LT_OBJDIR ".libs/"

configure: exit 0
